2025-04-21 10:48:17 [34mINFO [0;39m [36mplay.api.http.EnabledFilters[0;39m [35m[0;39m Enabled Filters (see <https://www.playframework.com/documentation/latest/Filters>):

    play.filters.headers.SecurityHeadersFilter
    play.filters.hosts.AllowedHostsFilter

2025-04-21 10:48:17 [34mINFO [0;39m [36mplay.api.Play[0;39m [35m[0;39m Application started (Dev) (no global state)
2025-04-21 10:48:40 [31mWARN [0;39m [36mp.api.mvc.DefaultJWTCookieDataCodec[0;39m [35m[0;39m decode: cookie has invalid signature! message = JWT signature does not match locally computed signature. JWT validity cannot be asserted and should not be trusted.
2025-04-21 10:48:40 [34mINFO [0;39m [36mp.api.mvc.DefaultJWTCookieDataCodec[0;39m [35m[0;39m The JWT signature in the cookie does not match the locally computed signature with the server. This usually indicates the browser has a leftover cookie from another Play application, so clearing cookies may resolve this error message.
2025-04-21 11:03:02 [1;31mERROR[0;39m [36mplay.api.http.DevHttpErrorHandler[0;39m [35m[0;39m 

! @897c0m05i - Internal server error, for (GET) [/] ->
 
play.sbt.PlayExceptions$CompilationException: Compilation error[cannot find symbol
  symbol:   variable nim
  location: variable patient of type models.Patient]
	at play.sbt.PlayExceptions$CompilationException$.apply(PlayExceptions.scala:28)
	at play.sbt.PlayExceptions$CompilationException$.apply(PlayExceptions.scala:28)
	at scala.Option.map(Option.scala:230)
	at play.sbt.run.PlayReload$.$anonfun$taskFailureHandler$8(PlayReload.scala:119)
	at scala.Option.map(Option.scala:230)
	at play.sbt.run.PlayReload$.taskFailureHandler(PlayReload.scala:92)
	at play.sbt.run.PlayReload$.$anonfun$compile$3(PlayReload.scala:144)
	at scala.util.Either$LeftProjection.map(Either.scala:573)
	at play.sbt.run.PlayReload$.compile(PlayReload.scala:144)
	at sbt.PlayRun$.$anonfun$playRunTask$5(PlayRun.scala:99)
	at play.runsupport.Reloader.$anonfun$reload$1(Reloader.scala:495)
	at play.runsupport.Reloader$$anon$1.run(Reloader.scala:58)
	at java.base/java.security.AccessController.doPrivileged(AccessController.java:400)
	at play.runsupport.Reloader$.play$runsupport$Reloader$$withReloaderContextClassLoader(Reloader.scala:64)
	at play.runsupport.Reloader.reload(Reloader.scala:495)
	at play.core.server.DevServerStart$DevServerApplicationProvider$1.get(DevServerStart.scala:189)
	at play.core.server.PekkoHttpServer.handleRequest(PekkoHttpServer.scala:320)
	at play.core.server.PekkoHttpServer.$anonfun$createServerBinding$1(PekkoHttpServer.scala:224)
	at org.apache.pekko.stream.impl.fusing.MapAsyncUnordered$$anon$31.onPush(Ops.scala:1443)
	at org.apache.pekko.stream.impl.fusing.GraphInterpreter.processPush(GraphInterpreter.scala:555)
	at org.apache.pekko.stream.impl.fusing.GraphInterpreter.processEvent(GraphInterpreter.scala:506)
	at org.apache.pekko.stream.impl.fusing.GraphInterpreter.execute(GraphInterpreter.scala:400)
	at org.apache.pekko.stream.impl.fusing.GraphInterpreterShell.runBatch(ActorGraphInterpreter.scala:662)
	at org.apache.pekko.stream.impl.fusing.GraphInterpreterShell$AsyncInput.execute(ActorGraphInterpreter.scala:532)
	at org.apache.pekko.stream.impl.fusing.GraphInterpreterShell.processEvent(ActorGraphInterpreter.scala:637)
	at org.apache.pekko.stream.impl.fusing.ActorGraphInterpreter.org$apache$pekko$stream$impl$fusing$ActorGraphInterpreter$$processEvent(ActorGraphInterpreter.scala:813)
	at org.apache.pekko.stream.impl.fusing.ActorGraphInterpreter$$anonfun$receive$1.applyOrElse(ActorGraphInterpreter.scala:831)
	at org.apache.pekko.actor.Actor.aroundReceive(Actor.scala:547)
	at org.apache.pekko.actor.Actor.aroundReceive$(Actor.scala:545)
	at org.apache.pekko.stream.impl.fusing.ActorGraphInterpreter.aroundReceive(ActorGraphInterpreter.scala:729)
	at org.apache.pekko.actor.ActorCell.receiveMessage(ActorCell.scala:590)
	at org.apache.pekko.actor.ActorCell.invoke(ActorCell.scala:557)
	at org.apache.pekko.dispatch.Mailbox.processMailbox(Mailbox.scala:280)
	at org.apache.pekko.dispatch.Mailbox.run(Mailbox.scala:241)
	at org.apache.pekko.dispatch.Mailbox.exec(Mailbox.scala:253)
	at java.base/java.util.concurrent.ForkJoinTask.doExec(ForkJoinTask.java:507)
	at java.base/java.util.concurrent.ForkJoinPool$WorkQueue.topLevelExec(ForkJoinPool.java:1458)
	at java.base/java.util.concurrent.ForkJoinPool.runWorker(ForkJoinPool.java:2034)
	at java.base/java.util.concurrent.ForkJoinWorkerThread.run(ForkJoinWorkerThread.java:189)
2025-04-21 11:04:04 [1;31mERROR[0;39m [36mplay.api.http.DevHttpErrorHandler[0;39m [35m[0;39m 

! @897c0pe8o - Internal server error, for (GET) [/] ->
 
play.sbt.PlayExceptions$CompilationException: Compilation error[value umur is not a member of models.Patient]
	at play.sbt.PlayExceptions$CompilationException$.apply(PlayExceptions.scala:28)
	at play.sbt.PlayExceptions$CompilationException$.apply(PlayExceptions.scala:28)
	at scala.Option.map(Option.scala:230)
	at play.sbt.run.PlayReload$.$anonfun$taskFailureHandler$8(PlayReload.scala:119)
	at scala.Option.map(Option.scala:230)
	at play.sbt.run.PlayReload$.taskFailureHandler(PlayReload.scala:92)
	at play.sbt.run.PlayReload$.$anonfun$compile$3(PlayReload.scala:144)
	at scala.util.Either$LeftProjection.map(Either.scala:573)
	at play.sbt.run.PlayReload$.compile(PlayReload.scala:144)
	at sbt.PlayRun$.$anonfun$playRunTask$5(PlayRun.scala:99)
	at play.runsupport.Reloader.$anonfun$reload$1(Reloader.scala:495)
	at play.runsupport.Reloader$$anon$1.run(Reloader.scala:58)
	at java.base/java.security.AccessController.doPrivileged(AccessController.java:400)
	at play.runsupport.Reloader$.play$runsupport$Reloader$$withReloaderContextClassLoader(Reloader.scala:64)
	at play.runsupport.Reloader.reload(Reloader.scala:495)
	at play.core.server.DevServerStart$DevServerApplicationProvider$1.get(DevServerStart.scala:189)
	at play.core.server.PekkoHttpServer.handleRequest(PekkoHttpServer.scala:320)
	at play.core.server.PekkoHttpServer.$anonfun$createServerBinding$1(PekkoHttpServer.scala:224)
	at org.apache.pekko.stream.impl.fusing.MapAsyncUnordered$$anon$31.onPush(Ops.scala:1443)
	at org.apache.pekko.stream.impl.fusing.GraphInterpreter.processPush(GraphInterpreter.scala:555)
	at org.apache.pekko.stream.impl.fusing.GraphInterpreter.processEvent(GraphInterpreter.scala:506)
	at org.apache.pekko.stream.impl.fusing.GraphInterpreter.execute(GraphInterpreter.scala:400)
	at org.apache.pekko.stream.impl.fusing.GraphInterpreterShell.runBatch(ActorGraphInterpreter.scala:662)
	at org.apache.pekko.stream.impl.fusing.GraphInterpreterShell$AsyncInput.execute(ActorGraphInterpreter.scala:532)
	at org.apache.pekko.stream.impl.fusing.GraphInterpreterShell.processEvent(ActorGraphInterpreter.scala:637)
	at org.apache.pekko.stream.impl.fusing.ActorGraphInterpreter.org$apache$pekko$stream$impl$fusing$ActorGraphInterpreter$$processEvent(ActorGraphInterpreter.scala:813)
	at org.apache.pekko.stream.impl.fusing.ActorGraphInterpreter$$anonfun$receive$1.applyOrElse(ActorGraphInterpreter.scala:831)
	at org.apache.pekko.actor.Actor.aroundReceive(Actor.scala:547)
	at org.apache.pekko.actor.Actor.aroundReceive$(Actor.scala:545)
	at org.apache.pekko.stream.impl.fusing.ActorGraphInterpreter.aroundReceive(ActorGraphInterpreter.scala:729)
	at org.apache.pekko.actor.ActorCell.receiveMessage(ActorCell.scala:590)
	at org.apache.pekko.actor.ActorCell.invoke(ActorCell.scala:557)
	at org.apache.pekko.dispatch.Mailbox.processMailbox(Mailbox.scala:280)
	at org.apache.pekko.dispatch.Mailbox.run(Mailbox.scala:241)
	at org.apache.pekko.dispatch.Mailbox.exec(Mailbox.scala:253)
	at java.base/java.util.concurrent.ForkJoinTask.doExec(ForkJoinTask.java:507)
	at java.base/java.util.concurrent.ForkJoinPool$WorkQueue.topLevelExec(ForkJoinPool.java:1458)
	at java.base/java.util.concurrent.ForkJoinPool.runWorker(ForkJoinPool.java:2034)
	at java.base/java.util.concurrent.ForkJoinWorkerThread.run(ForkJoinWorkerThread.java:189)
2025-04-21 11:04:29 [1;31mERROR[0;39m [36mplay.api.http.DevHttpErrorHandler[0;39m [35m[0;39m 

! @897c10pe7 - Internal server error, for (GET) [/] ->
 
play.sbt.PlayExceptions$CompilationException: Compilation error[value umur is not a member of models.Patient]
	at play.sbt.PlayExceptions$CompilationException$.apply(PlayExceptions.scala:28)
	at play.sbt.PlayExceptions$CompilationException$.apply(PlayExceptions.scala:28)
	at scala.Option.map(Option.scala:230)
	at play.sbt.run.PlayReload$.$anonfun$taskFailureHandler$8(PlayReload.scala:119)
	at scala.Option.map(Option.scala:230)
	at play.sbt.run.PlayReload$.taskFailureHandler(PlayReload.scala:92)
	at play.sbt.run.PlayReload$.$anonfun$compile$3(PlayReload.scala:144)
	at scala.util.Either$LeftProjection.map(Either.scala:573)
	at play.sbt.run.PlayReload$.compile(PlayReload.scala:144)
	at sbt.PlayRun$.$anonfun$playRunTask$5(PlayRun.scala:99)
	at play.runsupport.Reloader.$anonfun$reload$1(Reloader.scala:495)
	at play.runsupport.Reloader$$anon$1.run(Reloader.scala:58)
	at java.base/java.security.AccessController.doPrivileged(AccessController.java:400)
	at play.runsupport.Reloader$.play$runsupport$Reloader$$withReloaderContextClassLoader(Reloader.scala:64)
	at play.runsupport.Reloader.reload(Reloader.scala:495)
	at play.core.server.DevServerStart$DevServerApplicationProvider$1.get(DevServerStart.scala:189)
	at play.core.server.PekkoHttpServer.handleRequest(PekkoHttpServer.scala:320)
	at play.core.server.PekkoHttpServer.$anonfun$createServerBinding$1(PekkoHttpServer.scala:224)
	at org.apache.pekko.stream.impl.fusing.MapAsyncUnordered$$anon$31.onPush(Ops.scala:1443)
	at org.apache.pekko.stream.impl.fusing.GraphInterpreter.processPush(GraphInterpreter.scala:555)
	at org.apache.pekko.stream.impl.fusing.GraphInterpreter.processEvent(GraphInterpreter.scala:506)
	at org.apache.pekko.stream.impl.fusing.GraphInterpreter.execute(GraphInterpreter.scala:400)
	at org.apache.pekko.stream.impl.fusing.GraphInterpreterShell.runBatch(ActorGraphInterpreter.scala:662)
	at org.apache.pekko.stream.impl.fusing.GraphInterpreterShell$AsyncInput.execute(ActorGraphInterpreter.scala:532)
	at org.apache.pekko.stream.impl.fusing.GraphInterpreterShell.processEvent(ActorGraphInterpreter.scala:637)
	at org.apache.pekko.stream.impl.fusing.ActorGraphInterpreter.org$apache$pekko$stream$impl$fusing$ActorGraphInterpreter$$processEvent(ActorGraphInterpreter.scala:813)
	at org.apache.pekko.stream.impl.fusing.ActorGraphInterpreter$$anonfun$receive$1.applyOrElse(ActorGraphInterpreter.scala:831)
	at org.apache.pekko.actor.Actor.aroundReceive(Actor.scala:547)
	at org.apache.pekko.actor.Actor.aroundReceive$(Actor.scala:545)
	at org.apache.pekko.stream.impl.fusing.ActorGraphInterpreter.aroundReceive(ActorGraphInterpreter.scala:729)
	at org.apache.pekko.actor.ActorCell.receiveMessage(ActorCell.scala:590)
	at org.apache.pekko.actor.ActorCell.invoke(ActorCell.scala:557)
	at org.apache.pekko.dispatch.Mailbox.processMailbox(Mailbox.scala:280)
	at org.apache.pekko.dispatch.Mailbox.run(Mailbox.scala:241)
	at org.apache.pekko.dispatch.Mailbox.exec(Mailbox.scala:253)
	at java.base/java.util.concurrent.ForkJoinTask.doExec(ForkJoinTask.java:507)
	at java.base/java.util.concurrent.ForkJoinPool$WorkQueue.topLevelExec(ForkJoinPool.java:1458)
	at java.base/java.util.concurrent.ForkJoinPool.runWorker(ForkJoinPool.java:2034)
	at java.base/java.util.concurrent.ForkJoinWorkerThread.run(ForkJoinWorkerThread.java:189)
2025-04-21 11:04:48 [1;31mERROR[0;39m [36mplay.api.http.DevHttpErrorHandler[0;39m [35m[0;39m 

! @897c1223l - Internal server error, for (GET) [/] ->
 
play.sbt.PlayExceptions$CompilationException: Compilation error[value umur is not a member of models.Patient]
	at play.sbt.PlayExceptions$CompilationException$.apply(PlayExceptions.scala:28)
	at play.sbt.PlayExceptions$CompilationException$.apply(PlayExceptions.scala:28)
	at scala.Option.map(Option.scala:230)
	at play.sbt.run.PlayReload$.$anonfun$taskFailureHandler$8(PlayReload.scala:119)
	at scala.Option.map(Option.scala:230)
	at play.sbt.run.PlayReload$.taskFailureHandler(PlayReload.scala:92)
	at play.sbt.run.PlayReload$.$anonfun$compile$3(PlayReload.scala:144)
	at scala.util.Either$LeftProjection.map(Either.scala:573)
	at play.sbt.run.PlayReload$.compile(PlayReload.scala:144)
	at sbt.PlayRun$.$anonfun$playRunTask$5(PlayRun.scala:99)
	at play.runsupport.Reloader.$anonfun$reload$1(Reloader.scala:495)
	at play.runsupport.Reloader$$anon$1.run(Reloader.scala:58)
	at java.base/java.security.AccessController.doPrivileged(AccessController.java:400)
	at play.runsupport.Reloader$.play$runsupport$Reloader$$withReloaderContextClassLoader(Reloader.scala:64)
	at play.runsupport.Reloader.reload(Reloader.scala:495)
	at play.core.server.DevServerStart$DevServerApplicationProvider$1.get(DevServerStart.scala:189)
	at play.core.server.PekkoHttpServer.handleRequest(PekkoHttpServer.scala:320)
	at play.core.server.PekkoHttpServer.$anonfun$createServerBinding$1(PekkoHttpServer.scala:224)
	at org.apache.pekko.stream.impl.fusing.MapAsyncUnordered$$anon$31.onPush(Ops.scala:1443)
	at org.apache.pekko.stream.impl.fusing.GraphInterpreter.processPush(GraphInterpreter.scala:555)
	at org.apache.pekko.stream.impl.fusing.GraphInterpreter.processEvent(GraphInterpreter.scala:506)
	at org.apache.pekko.stream.impl.fusing.GraphInterpreter.execute(GraphInterpreter.scala:400)
	at org.apache.pekko.stream.impl.fusing.GraphInterpreterShell.runBatch(ActorGraphInterpreter.scala:662)
	at org.apache.pekko.stream.impl.fusing.GraphInterpreterShell$AsyncInput.execute(ActorGraphInterpreter.scala:532)
	at org.apache.pekko.stream.impl.fusing.GraphInterpreterShell.processEvent(ActorGraphInterpreter.scala:637)
	at org.apache.pekko.stream.impl.fusing.ActorGraphInterpreter.org$apache$pekko$stream$impl$fusing$ActorGraphInterpreter$$processEvent(ActorGraphInterpreter.scala:813)
	at org.apache.pekko.stream.impl.fusing.ActorGraphInterpreter$$anonfun$receive$1.applyOrElse(ActorGraphInterpreter.scala:831)
	at org.apache.pekko.actor.Actor.aroundReceive(Actor.scala:547)
	at org.apache.pekko.actor.Actor.aroundReceive$(Actor.scala:545)
	at org.apache.pekko.stream.impl.fusing.ActorGraphInterpreter.aroundReceive(ActorGraphInterpreter.scala:729)
	at org.apache.pekko.actor.ActorCell.receiveMessage(ActorCell.scala:590)
	at org.apache.pekko.actor.ActorCell.invoke(ActorCell.scala:557)
	at org.apache.pekko.dispatch.Mailbox.processMailbox(Mailbox.scala:280)
	at org.apache.pekko.dispatch.Mailbox.run(Mailbox.scala:241)
	at org.apache.pekko.dispatch.Mailbox.exec(Mailbox.scala:253)
	at java.base/java.util.concurrent.ForkJoinTask.doExec(ForkJoinTask.java:507)
	at java.base/java.util.concurrent.ForkJoinPool$WorkQueue.topLevelExec(ForkJoinPool.java:1458)
	at java.base/java.util.concurrent.ForkJoinPool.runWorker(ForkJoinPool.java:2034)
	at java.base/java.util.concurrent.ForkJoinWorkerThread.run(ForkJoinWorkerThread.java:189)
2025-04-21 11:05:11 [34mINFO [0;39m [36mp.a.http.HttpErrorHandlerExceptions[0;39m [35m[0;39m Registering exception handler: guice-provision-exception-handler
2025-04-21 11:05:11 [34mINFO [0;39m [36mplay.api.http.EnabledFilters[0;39m [35m[0;39m Enabled Filters (see <https://www.playframework.com/documentation/latest/Filters>):

    play.filters.headers.SecurityHeadersFilter
    play.filters.hosts.AllowedHostsFilter

2025-04-21 11:05:11 [34mINFO [0;39m [36mplay.api.Play[0;39m [35m[0;39m Application started (Dev) (no global state)
2025-04-21 11:05:43 [34mINFO [0;39m [36mp.a.http.HttpErrorHandlerExceptions[0;39m [35m[0;39m Registering exception handler: guice-provision-exception-handler
2025-04-21 11:05:43 [34mINFO [0;39m [36mplay.api.http.EnabledFilters[0;39m [35m[0;39m Enabled Filters (see <https://www.playframework.com/documentation/latest/Filters>):

    play.filters.headers.SecurityHeadersFilter
    play.filters.hosts.AllowedHostsFilter

2025-04-21 11:05:43 [34mINFO [0;39m [36mplay.api.Play[0;39m [35m[0;39m Application started (Dev) (no global state)
2025-04-21 11:08:30 [1;31mERROR[0;39m [36mplay.api.http.DevHttpErrorHandler[0;39m [35m[0;39m 

! @897c1eicn - Internal server error, for (GET) [/] ->
 
play.sbt.PlayExceptions$CompilationException: Compilation error[value updateObat is not a member of controllers.PatientController]
	at play.sbt.PlayExceptions$CompilationException$.apply(PlayExceptions.scala:28)
	at play.sbt.PlayExceptions$CompilationException$.apply(PlayExceptions.scala:28)
	at scala.Option.map(Option.scala:230)
	at play.sbt.run.PlayReload$.$anonfun$taskFailureHandler$8(PlayReload.scala:119)
	at scala.Option.map(Option.scala:230)
	at play.sbt.run.PlayReload$.taskFailureHandler(PlayReload.scala:92)
	at play.sbt.run.PlayReload$.$anonfun$compile$3(PlayReload.scala:144)
	at scala.util.Either$LeftProjection.map(Either.scala:573)
	at play.sbt.run.PlayReload$.compile(PlayReload.scala:144)
	at sbt.PlayRun$.$anonfun$playRunTask$5(PlayRun.scala:99)
	at play.runsupport.Reloader.$anonfun$reload$1(Reloader.scala:495)
	at play.runsupport.Reloader$$anon$1.run(Reloader.scala:58)
	at java.base/java.security.AccessController.doPrivileged(AccessController.java:400)
	at play.runsupport.Reloader$.play$runsupport$Reloader$$withReloaderContextClassLoader(Reloader.scala:64)
	at play.runsupport.Reloader.reload(Reloader.scala:495)
	at play.core.server.DevServerStart$DevServerApplicationProvider$1.get(DevServerStart.scala:189)
	at play.core.server.PekkoHttpServer.handleRequest(PekkoHttpServer.scala:320)
	at play.core.server.PekkoHttpServer.$anonfun$createServerBinding$1(PekkoHttpServer.scala:224)
	at org.apache.pekko.stream.impl.fusing.MapAsyncUnordered$$anon$31.onPush(Ops.scala:1443)
	at org.apache.pekko.stream.impl.fusing.GraphInterpreter.processPush(GraphInterpreter.scala:555)
	at org.apache.pekko.stream.impl.fusing.GraphInterpreter.processEvent(GraphInterpreter.scala:506)
	at org.apache.pekko.stream.impl.fusing.GraphInterpreter.execute(GraphInterpreter.scala:400)
	at org.apache.pekko.stream.impl.fusing.GraphInterpreterShell.runBatch(ActorGraphInterpreter.scala:662)
	at org.apache.pekko.stream.impl.fusing.GraphInterpreterShell$AsyncInput.execute(ActorGraphInterpreter.scala:532)
	at org.apache.pekko.stream.impl.fusing.GraphInterpreterShell.processEvent(ActorGraphInterpreter.scala:637)
	at org.apache.pekko.stream.impl.fusing.ActorGraphInterpreter.org$apache$pekko$stream$impl$fusing$ActorGraphInterpreter$$processEvent(ActorGraphInterpreter.scala:813)
	at org.apache.pekko.stream.impl.fusing.ActorGraphInterpreter$$anonfun$receive$1.applyOrElse(ActorGraphInterpreter.scala:831)
	at org.apache.pekko.actor.Actor.aroundReceive(Actor.scala:547)
	at org.apache.pekko.actor.Actor.aroundReceive$(Actor.scala:545)
	at org.apache.pekko.stream.impl.fusing.ActorGraphInterpreter.aroundReceive(ActorGraphInterpreter.scala:729)
	at org.apache.pekko.actor.ActorCell.receiveMessage(ActorCell.scala:590)
	at org.apache.pekko.actor.ActorCell.invoke(ActorCell.scala:557)
	at org.apache.pekko.dispatch.Mailbox.processMailbox(Mailbox.scala:280)
	at org.apache.pekko.dispatch.Mailbox.run(Mailbox.scala:241)
	at org.apache.pekko.dispatch.Mailbox.exec(Mailbox.scala:253)
	at java.base/java.util.concurrent.ForkJoinTask.doExec(ForkJoinTask.java:507)
	at java.base/java.util.concurrent.ForkJoinPool$WorkQueue.topLevelExec(ForkJoinPool.java:1458)
	at java.base/java.util.concurrent.ForkJoinPool.runWorker(ForkJoinPool.java:2034)
	at java.base/java.util.concurrent.ForkJoinWorkerThread.run(ForkJoinWorkerThread.java:189)
2025-04-21 11:09:04 [34mINFO [0;39m [36mp.a.http.HttpErrorHandlerExceptions[0;39m [35m[0;39m Registering exception handler: guice-provision-exception-handler
2025-04-21 11:09:04 [34mINFO [0;39m [36mplay.api.http.EnabledFilters[0;39m [35m[0;39m Enabled Filters (see <https://www.playframework.com/documentation/latest/Filters>):

    play.filters.headers.SecurityHeadersFilter
    play.filters.hosts.AllowedHostsFilter

2025-04-21 11:09:04 [34mINFO [0;39m [36mplay.api.Play[0;39m [35m[0;39m Application started (Dev) (no global state)
2025-04-21 11:10:57 [34mINFO [0;39m [36mp.a.http.HttpErrorHandlerExceptions[0;39m [35m[0;39m Registering exception handler: guice-provision-exception-handler
2025-04-21 11:10:57 [34mINFO [0;39m [36mplay.api.http.EnabledFilters[0;39m [35m[0;39m Enabled Filters (see <https://www.playframework.com/documentation/latest/Filters>):

    play.filters.headers.SecurityHeadersFilter
    play.filters.hosts.AllowedHostsFilter

2025-04-21 11:10:57 [34mINFO [0;39m [36mplay.api.Play[0;39m [35m[0;39m Application started (Dev) (no global state)
2025-04-21 11:12:08 [34mINFO [0;39m [36mp.a.http.HttpErrorHandlerExceptions[0;39m [35m[0;39m Registering exception handler: guice-provision-exception-handler
2025-04-21 11:12:08 [34mINFO [0;39m [36mplay.api.http.EnabledFilters[0;39m [35m[0;39m Enabled Filters (see <https://www.playframework.com/documentation/latest/Filters>):

    play.filters.headers.SecurityHeadersFilter
    play.filters.hosts.AllowedHostsFilter

2025-04-21 11:12:08 [34mINFO [0;39m [36mplay.api.Play[0;39m [35m[0;39m Application started (Dev) (no global state)
2025-04-21 11:13:27 [34mINFO [0;39m [36mp.a.http.HttpErrorHandlerExceptions[0;39m [35m[0;39m Registering exception handler: guice-provision-exception-handler
2025-04-21 11:13:27 [34mINFO [0;39m [36mplay.api.http.EnabledFilters[0;39m [35m[0;39m Enabled Filters (see <https://www.playframework.com/documentation/latest/Filters>):

    play.filters.headers.SecurityHeadersFilter
    play.filters.hosts.AllowedHostsFilter

2025-04-21 11:13:27 [34mINFO [0;39m [36mplay.api.Play[0;39m [35m[0;39m Application started (Dev) (no global state)
2025-04-21 11:16:04 [34mINFO [0;39m [36mp.a.http.HttpErrorHandlerExceptions[0;39m [35m[0;39m Registering exception handler: guice-provision-exception-handler
2025-04-21 11:16:04 [34mINFO [0;39m [36mplay.api.http.EnabledFilters[0;39m [35m[0;39m Enabled Filters (see <https://www.playframework.com/documentation/latest/Filters>):

    play.filters.headers.SecurityHeadersFilter
    play.filters.hosts.AllowedHostsFilter

2025-04-21 11:16:04 [34mINFO [0;39m [36mplay.api.Play[0;39m [35m[0;39m Application started (Dev) (no global state)
2025-04-21 11:16:50 [34mINFO [0;39m [36mp.a.http.HttpErrorHandlerExceptions[0;39m [35m[0;39m Registering exception handler: guice-provision-exception-handler
2025-04-21 11:16:50 [34mINFO [0;39m [36mplay.api.http.EnabledFilters[0;39m [35m[0;39m Enabled Filters (see <https://www.playframework.com/documentation/latest/Filters>):

    play.filters.headers.SecurityHeadersFilter
    play.filters.hosts.AllowedHostsFilter

2025-04-21 11:16:50 [34mINFO [0;39m [36mplay.api.Play[0;39m [35m[0;39m Application started (Dev) (no global state)
2025-04-21 11:17:09 [34mINFO [0;39m [36mp.a.i.l.c.CoordinatedShutdownSupport[0;39m [35m[0;39m Starting synchronous coordinated shutdown with ServerStoppedReason reason and 40000 milliseconds timeout
2025-04-21 11:17:09 [34mINFO [0;39m [36mplay.core.server.PekkoHttpServer[0;39m [35m[0;39m Stopping Pekko HTTP server...
2025-04-21 11:17:09 [34mINFO [0;39m [36mplay.core.server.PekkoHttpServer[0;39m [35m[0;39m Unbinding /[0:0:0:0:0:0:0:0]:9000
2025-04-21 11:17:09 [34mINFO [0;39m [36mplay.core.server.PekkoHttpServer[0;39m [35m[0;39m Terminating server binding for /[0:0:0:0:0:0:0:0]:9000
2025-04-21 11:17:09 [34mINFO [0;39m [36mplay.core.server.PekkoHttpServer[0;39m [35m[0;39m Running provided shutdown stop hooks
